Flow report for Lab2_TecMIDI
Sat Feb 24 10:45:58 2018
Quartus Prime Version 15.1.0 Build 185 10/21/2015 SJ Lite Edition


---------------------
; Table of Contents ;
---------------------
  1. Legal Notice
  2. Flow Summary
  3. Flow Settings
  4. Flow Non-Default Global Settings
  5. Flow Elapsed Time
  6. Flow OS Summary
  7. Flow Log
  8. Flow Messages
  9. Flow Suppressed Messages



----------------
; Legal Notice ;
----------------
Copyright (C) 1991-2015 Altera Corporation. All rights reserved.
Your use of Altera Corporation's design tools, logic functions 
and other software and tools, and its AMPP partner logic 
functions, and any output files from any of the foregoing 
(including device programming or simulation files), and any 
associated documentation or information are expressly subject 
to the terms and conditions of the Altera Program License 
Subscription Agreement, the Altera Quartus Prime License Agreement,
the Altera MegaCore Function License Agreement, or other 
applicable license agreement, including, without limitation, 
that your use is for the sole purpose of programming logic 
devices manufactured by Altera and sold by Altera or its 
authorized distributors.  Please refer to the applicable 
agreement for further details.



+-------------------------------------------------------------------------------+
; Flow Summary                                                                  ;
+---------------------------------+---------------------------------------------+
; Flow Status                     ; Successful - Sat Feb 24 10:45:58 2018       ;
; Quartus Prime Version           ; 15.1.0 Build 185 10/21/2015 SJ Lite Edition ;
; Revision Name                   ; Lab2_TecMIDI                                ;
; Top-level Entity Name           ; Top_Lab2_v1                                 ;
; Family                          ; Cyclone V                                   ;
; Device                          ; 5CSEMA5F31C6                                ;
; Timing Models                   ; Final                                       ;
; Logic utilization (in ALMs)     ; 2,655 / 32,070 ( 8 % )                      ;
; Total registers                 ; 4919                                        ;
; Total pins                      ; 66 / 457 ( 14 % )                           ;
; Total virtual pins              ; 0                                           ;
; Total block memory bits         ; 201,280 / 4,065,280 ( 5 % )                 ;
; Total DSP Blocks                ; 4 / 87 ( 5 % )                              ;
; Total HSSI RX PCSs              ; 0                                           ;
; Total HSSI PMA RX Deserializers ; 0                                           ;
; Total HSSI TX PCSs              ; 0                                           ;
; Total HSSI PMA TX Serializers   ; 0                                           ;
; Total PLLs                      ; 1 / 6 ( 17 % )                              ;
; Total DLLs                      ; 0 / 4 ( 0 % )                               ;
+---------------------------------+---------------------------------------------+


+-----------------------------------------+
; Flow Settings                           ;
+-------------------+---------------------+
; Option            ; Setting             ;
+-------------------+---------------------+
; Start date & time ; 02/24/2018 10:41:13 ;
; Main task         ; Compilation         ;
; Revision Name     ; Lab2_TecMIDI        ;
+-------------------+---------------------+


+-------------------------------------------------------------------------------------------------------------------------------------------------------------------------------------------+
; Flow Non-Default Global Settings                                                                                                                                                          ;
+-------------------------------------+-----------------------------------------------------------------------+--------------------------------------+---------------------+----------------+
; Assignment Name                     ; Value                                                                 ; Default Value                        ; Entity Name         ; Section Id     ;
+-------------------------------------+-----------------------------------------------------------------------+--------------------------------------+---------------------+----------------+
; COMPILER_SIGNATURE_ID               ; 154522807614783.151946527202592                                       ; --                                   ; --                  ; --             ;
; EDA_OUTPUT_DATA_FORMAT              ; Vhdl                                                                  ; --                                   ; --                  ; eda_simulation ;
; EDA_SIMULATION_TOOL                 ; ModelSim-Altera (VHDL)                                                ; <None>                               ; --                  ; --             ;
; ENABLE_SIGNALTAP                    ; Off                                                                   ; --                                   ; --                  ; --             ;
; MAX_CORE_JUNCTION_TEMP              ; 85                                                                    ; --                                   ; --                  ; --             ;
; MIN_CORE_JUNCTION_TEMP              ; 0                                                                     ; --                                   ; --                  ; --             ;
; MISC_FILE                           ; Lab2_TecMIDI_system/synthesis/../Lab2_TecMIDI_system.cmp              ; --                                   ; --                  ; --             ;
; MISC_FILE                           ; Lab2_TecMIDI_system/synthesis/../../Lab2_TecMIDI_system.qsys          ; --                                   ; --                  ; --             ;
; NUM_PARALLEL_PROCESSORS             ; 2                                                                     ; --                                   ; --                  ; --             ;
; PARTITION_COLOR                     ; 16764057                                                              ; --                                   ; Top_Lab2_v1         ; Top            ;
; PARTITION_FITTER_PRESERVATION_LEVEL ; PLACEMENT_AND_ROUTING                                                 ; --                                   ; Top_Lab2_v1         ; Top            ;
; PARTITION_NETLIST_TYPE              ; SOURCE                                                                ; --                                   ; Top_Lab2_v1         ; Top            ;
; POWER_BOARD_THERMAL_MODEL           ; None (CONSERVATIVE)                                                   ; --                                   ; --                  ; --             ;
; POWER_PRESET_COOLING_SOLUTION       ; 23 MM HEAT SINK WITH 200 LFPM AIRFLOW                                 ; --                                   ; --                  ; --             ;
; PROJECT_IP_REGENERATION_POLICY      ; ALWAYS_REGENERATE_IP                                                  ; SKIP_REGENERATING_IP_IF_HDL_MODIFIED ; --                  ; --             ;
; PROJECT_OUTPUT_DIRECTORY            ; output_files                                                          ; --                                   ; --                  ; --             ;
; SLD_FILE                            ; Lab2_TecMIDI_system/synthesis/Lab2_TecMIDI_system.regmap              ; --                                   ; --                  ; --             ;
; SLD_FILE                            ; Lab2_TecMIDI_system/synthesis/Lab2_TecMIDI_system.debuginfo           ; --                                   ; --                  ; --             ;
; SLD_INFO                            ; QSYS_NAME Lab2_TecMIDI_system HAS_SOPCINFO 1 GENERATION_ID 1519465082 ; --                                   ; Lab2_TecMIDI_system ; --             ;
; SOPCINFO_FILE                       ; Lab2_TecMIDI_system/synthesis/../../Lab2_TecMIDI_system.sopcinfo      ; --                                   ; --                  ; --             ;
; SYNTHESIS_ONLY_QIP                  ; On                                                                    ; --                                   ; --                  ; --             ;
; TOP_LEVEL_ENTITY                    ; Top_Lab2_v1                                                           ; Lab2_TecMIDI                         ; --                  ; --             ;
+-------------------------------------+-----------------------------------------------------------------------+--------------------------------------+---------------------+----------------+


+-------------------------------------------------------------------------------------------------------------------------------+
; Flow Elapsed Time                                                                                                             ;
+---------------------------+--------------+-------------------------+---------------------+------------------------------------+
; Module Name               ; Elapsed Time ; Average Processors Used ; Peak Virtual Memory ; Total CPU Time (on all processors) ;
+---------------------------+--------------+-------------------------+---------------------+------------------------------------+
; Analysis & Synthesis      ; 00:00:54     ; 1.0                     ; 1202 MB             ; 00:01:19                           ;
; Fitter                    ; 00:02:41     ; 1.1                     ; 2791 MB             ; 00:04:15                           ;
; Assembler                 ; 00:00:15     ; 1.0                     ; 1020 MB             ; 00:00:13                           ;
; TimeQuest Timing Analyzer ; 00:00:26     ; 1.5                     ; 1489 MB             ; 00:00:35                           ;
; EDA Netlist Writer        ; 00:00:06     ; 1.0                     ; 1067 MB             ; 00:00:04                           ;
; Total                     ; 00:04:22     ; --                      ; --                  ; 00:06:26                           ;
+---------------------------+--------------+-------------------------+---------------------+------------------------------------+


+----------------------------------------------------------------------------------------+
; Flow OS Summary                                                                        ;
+---------------------------+------------------+-----------+------------+----------------+
; Module Name               ; Machine Hostname ; OS Name   ; OS Version ; Processor type ;
+---------------------------+------------------+-----------+------------+----------------+
; Analysis & Synthesis      ; DESKTOP-107T6R1  ; Windows 8 ; 6.2        ; x86_64         ;
; Fitter                    ; DESKTOP-107T6R1  ; Windows 8 ; 6.2        ; x86_64         ;
; Assembler                 ; DESKTOP-107T6R1  ; Windows 8 ; 6.2        ; x86_64         ;
; TimeQuest Timing Analyzer ; DESKTOP-107T6R1  ; Windows 8 ; 6.2        ; x86_64         ;
; EDA Netlist Writer        ; DESKTOP-107T6R1  ; Windows 8 ; 6.2        ; x86_64         ;
+---------------------------+------------------+-----------+------------+----------------+


------------
; Flow Log ;
------------
quartus_map --read_settings_files=on --write_settings_files=off Lab2_TecMIDI -c Lab2_TecMIDI
quartus_fit --read_settings_files=off --write_settings_files=off Lab2_TecMIDI -c Lab2_TecMIDI
quartus_asm --read_settings_files=off --write_settings_files=off Lab2_TecMIDI -c Lab2_TecMIDI
quartus_sta Lab2_TecMIDI -c Lab2_TecMIDI
quartus_eda --read_settings_files=off --write_settings_files=off Lab2_TecMIDI -c Lab2_TecMIDI



